<?xml version="1.0" encoding="utf-8"?><testsuites><testsuite name="pytest" errors="0" failures="0" skipped="0" tests="4" time="12.254" timestamp="2023-11-05T14:40:55.293216" hostname="ESCRITORIO-ANDERSON"><testcase classname="tests.api.test_api.TestBatchPipeline" name="test_should_failed_unkown_column_1" time="0.047" /><testcase classname="tests.api.test_api.TestBatchPipeline" name="test_should_failed_unkown_column_2" time="0.023" /><testcase classname="tests.api.test_api.TestBatchPipeline" name="test_should_failed_unkown_column_3" time="0.020" /><testcase classname="tests.api.test_api.TestBatchPipeline" name="test_should_get_predict" time="10.745" /></testsuite></testsuites>